mode: set
github.com/dmytroserbeniuk/todo-backend/database.go:23.15,25.20 2 0
github.com/dmytroserbeniuk/todo-backend/database.go:25.20,27.3 1 0
github.com/dmytroserbeniuk/todo-backend/database.go:29.2,32.16 3 0
github.com/dmytroserbeniuk/todo-backend/database.go:32.16,34.3 1 0
github.com/dmytroserbeniuk/todo-backend/database.go:36.2,37.16 2 0
github.com/dmytroserbeniuk/todo-backend/database.go:37.16,39.3 1 0
github.com/dmytroserbeniuk/todo-backend/database.go:42.2,46.71 4 0
github.com/dmytroserbeniuk/todo-backend/handlers.go:24.31,26.16 2 0
github.com/dmytroserbeniuk/todo-backend/handlers.go:26.16,28.3 1 0
github.com/dmytroserbeniuk/todo-backend/handlers.go:29.2,30.64 2 0
github.com/dmytroserbeniuk/todo-backend/handlers.go:30.64,32.3 1 0
github.com/dmytroserbeniuk/todo-backend/handlers.go:33.2,33.30 1 0
github.com/dmytroserbeniuk/todo-backend/handlers.go:48.33,50.42 2 0
github.com/dmytroserbeniuk/todo-backend/handlers.go:50.42,53.3 2 0
github.com/dmytroserbeniuk/todo-backend/handlers.go:54.2,60.16 6 0
github.com/dmytroserbeniuk/todo-backend/handlers.go:60.16,62.3 1 0
github.com/dmytroserbeniuk/todo-backend/handlers.go:63.2,63.34 1 0
github.com/dmytroserbeniuk/todo-backend/handlers.go:79.33,84.42 4 0
github.com/dmytroserbeniuk/todo-backend/handlers.go:84.42,87.3 2 0
github.com/dmytroserbeniuk/todo-backend/handlers.go:88.2,92.16 4 0
github.com/dmytroserbeniuk/todo-backend/handlers.go:92.16,94.3 1 0
github.com/dmytroserbeniuk/todo-backend/handlers.go:95.2,95.57 1 0
github.com/dmytroserbeniuk/todo-backend/handlers.go:109.33,114.16 4 0
github.com/dmytroserbeniuk/todo-backend/handlers.go:114.16,116.3 1 0
github.com/dmytroserbeniuk/todo-backend/handlers.go:117.2,117.57 1 0
github.com/dmytroserbeniuk/todo-backend/jwt.go:30.53,41.2 4 1
github.com/dmytroserbeniuk/todo-backend/jwt.go:44.57,45.104 1 1
github.com/dmytroserbeniuk/todo-backend/jwt.go:45.104,47.3 1 1
github.com/dmytroserbeniuk/todo-backend/jwt.go:48.2,48.16 1 1
github.com/dmytroserbeniuk/todo-backend/jwt.go:48.16,50.3 1 0
github.com/dmytroserbeniuk/todo-backend/jwt.go:51.2,51.61 1 1
github.com/dmytroserbeniuk/todo-backend/jwt.go:51.61,53.3 1 1
github.com/dmytroserbeniuk/todo-backend/jwt.go:54.2,54.41 1 0
github.com/dmytroserbeniuk/todo-backend/jwt.go:58.38,65.47 3 1
github.com/dmytroserbeniuk/todo-backend/jwt.go:65.47,68.3 2 0
github.com/dmytroserbeniuk/todo-backend/jwt.go:71.2,73.16 3 1
github.com/dmytroserbeniuk/todo-backend/jwt.go:73.16,76.3 2 0
github.com/dmytroserbeniuk/todo-backend/jwt.go:79.2,80.16 2 1
github.com/dmytroserbeniuk/todo-backend/jwt.go:80.16,83.3 2 0
github.com/dmytroserbeniuk/todo-backend/jwt.go:86.2,94.16 3 1
github.com/dmytroserbeniuk/todo-backend/jwt.go:94.16,97.3 2 0
github.com/dmytroserbeniuk/todo-backend/jwt.go:99.2,99.75 1 1
github.com/dmytroserbeniuk/todo-backend/jwt.go:103.35,110.47 3 1
github.com/dmytroserbeniuk/todo-backend/jwt.go:110.47,113.3 2 0
github.com/dmytroserbeniuk/todo-backend/jwt.go:116.2,118.16 3 1
github.com/dmytroserbeniuk/todo-backend/jwt.go:118.16,121.3 2 0
github.com/dmytroserbeniuk/todo-backend/jwt.go:124.2,124.99 1 1
github.com/dmytroserbeniuk/todo-backend/jwt.go:124.99,127.3 2 0
github.com/dmytroserbeniuk/todo-backend/jwt.go:130.2,131.16 2 1
github.com/dmytroserbeniuk/todo-backend/jwt.go:131.16,134.3 2 0
github.com/dmytroserbeniuk/todo-backend/jwt.go:137.2,143.16 2 1
github.com/dmytroserbeniuk/todo-backend/jwt.go:143.16,146.3 2 0
github.com/dmytroserbeniuk/todo-backend/jwt.go:148.2,148.46 1 1
github.com/dmytroserbeniuk/todo-backend/jwt.go:152.39,153.30 1 1
github.com/dmytroserbeniuk/todo-backend/jwt.go:153.30,156.70 2 1
github.com/dmytroserbeniuk/todo-backend/jwt.go:156.70,160.4 3 0
github.com/dmytroserbeniuk/todo-backend/jwt.go:162.3,164.17 3 1
github.com/dmytroserbeniuk/todo-backend/jwt.go:164.17,168.4 3 0
github.com/dmytroserbeniuk/todo-backend/jwt.go:170.3,170.33 1 1
github.com/dmytroserbeniuk/todo-backend/jwt.go:170.33,174.4 3 0
github.com/dmytroserbeniuk/todo-backend/jwt.go:176.3,176.11 1 1
github.com/dmytroserbeniuk/todo-backend/main.go:28.13,31.16 2 0
github.com/dmytroserbeniuk/todo-backend/main.go:31.16,33.3 1 0
github.com/dmytroserbeniuk/todo-backend/main.go:36.2,48.2 7 0
github.com/dmytroserbeniuk/todo-backend/main.go:48.2,53.3 4 0
github.com/dmytroserbeniuk/todo-backend/main.go:56.2,59.16 2 0
